<?xml version="1.0" encoding="UTF-8"?>
<!-- Generated by org.testng.reporters.JUnitReportReporter -->
<testsuite hostname="Devendra" failures="0" tests="1" name="Restassured.Demo1" time="4.351" errors="0" timestamp="2022-09-24T17:21:02 IST" skipped="0">
  <testcase classname="Restassured.Demo1" name="get_req" time="4.351"/>
  <system-out/>
</testsuite> <!-- Restassured.Demo1 -->
